[2012-02-11-03-59] [GLOBAL]super executed the command "s"
[2012-02-12-01-10] [GLOBAL]super restarted the server
[2012-02-12-28-47] [DASHBOARD] super said "hello?" 
[2012-02-12-54-52] [USERS]super healed Antariano
[2012-02-12-55-17] [USERS]super healed Antariano
[2012-02-12-55-34] [USERS]super healed Antariano
[2012-02-12-58-37] [GLOBAL]super executed the command "h"
[2012-02-12-58-50] [GLOBAL]super executed the command "h"
[2012-02-12-00-15] [USERS]super healed Antariano
[2012-02-12-00-21] [USERS]super healed Antariano
[2012-02-12-00-23] [USERS]super healed Antariano
[2012-02-12-00-37] [USERS]super healed Antariano
[2012-02-12-01-17] [USERS]super healed Antariano
[2012-02-12-01-30] [USERS]super healed Antariano
[2012-02-12-02-49] [USERS]super healed Antariano
[2012-02-12-11-23] [GLOBAL]super executed the command "test log"
[2012-02-12-17-32] [GLOBAL]super executed the command "test"
[2012-02-12-17-41] [GLOBAL]super executed the command "say hello"
[2012-02-12-18-24] [GLOBAL]super executed the command "say hello"
[2012-02-12-20-19] [GLOBAL]super executed the command "say hello"
[2012-02-13-49-44] [GLOBAL]super restarted the server
[2012-02-13-52-21] [GLOBAL]super restarted the server
[2012-02-13-52-48] [GLOBAL]super restarted the server