[2012-02-11-41-39] [PLUGINS]super enabled SetRankPEX
[2012-02-11-43-02] [GLOBAL]super executed the command "d"
[2012-02-11-55-51] [WORLDS]super unloaded flat
[2012-02-11-56-03] [WORLDS]super loaded flat
[2012-02-11-22-01] [GLOBAL]super stopped the server
[2012-02-11-46-50] [GLOBAL]super executed the command "s"
[2012-02-11-31-41] [GLOBAL]super executed the command "m"
[2012-02-11-26-09] [WORLDS]super unloaded flat
[2012-02-11-26-11] [WORLDS]super loaded flat
[2012-02-11-35-04] [WORLDS]super changed difficulty to peaceful in flat
[2012-02-11-50-43] [WORLDS]super enabled PVP on flat
[2012-02-11-03-50] [GLOBAL]super stopped the server
[2012-02-11-05-00] [GLOBAL]super restarted the server
[2012-02-11-40-21] [GLOBAL]super restarted the server
[2012-02-11-46-19] [DASHBOARD] super said "" 
[2012-02-11-56-58] [WORLDS]super changed difficulty to hard in flat
[2012-02-11-57-01] [WORLDS]super changed difficulty to peaceful in flat
[2012-02-11-57-17] [WORLDS]super disabled PVP on flat
[2012-02-11-57-19] [WORLDS]super disabled PVP on world
[2012-02-11-57-19] [WORLDS]super disabled hostiles on world
[2012-02-11-57-20] [WORLDS]super disabled animals on world
[2012-02-11-57-30] [WORLDS]super changed difficulty to peaceful in world
[2012-02-11-57-38] [WORLDS]super enabled PVP on world_the_end
[2012-02-11-57-39] [WORLDS]super enabled hostiles on world
[2012-02-11-57-40] [WORLDS]super enabled animals on flat
[2012-02-11-57-45] [WORLDS]super enabled animals on world_the_end
[2012-02-11-57-46] [WORLDS]super enabled PVP on flat
[2012-02-11-26-20] [GLOBAL]super stopped the server
[2012-02-11-49-09] [WORLDS]super created 
[2012-02-11-53-45] [GLOBAL]super stopped the server
[2012-02-11-59-13] [GLOBAL]super restarted the server
[2012-02-11-02-08] [GLOBAL]super restarted the server
[2012-02-11-02-37] [GLOBAL]super restarted the server