[2012-01-12-33-12] [GLOBAL]super restarted the server
[2012-01-12-51-52] [DASHBOARD] super said "ksfdjg" 
[2012-01-12-55-36] [GLOBAL]Demo restarted the server
[2012-01-12-17-36] [USERS]Demo set euromusic to Creative
[2012-01-12-17-39] [USERS]Demo deopped euromusic
[2012-01-12-17-42] [USERS]Demo healed euromusic
[2012-01-12-17-43] [USERS]Demo fed euromusic
[2012-01-12-17-45] [USERS]Demo killed euromusic
[2012-01-12-17-46] [USERS]Demo kicked euromusic
[2012-01-12-17-52] [USERS]Demo removed  from whitelist
[2012-01-12-17-56] [USERS]Demo added  to whitelist
[2012-01-12-17-58] [USERS]Demo unbanned 
[2012-01-12-43-27] [WORLDS]Demo loaded Survival
[2012-01-12-45-28] [WORLDS]Demo changed difficulty to hard in Hub
[2012-01-12-45-31] [WORLDS]Demo unloaded Nether
[2012-01-12-45-37] [WORLDS]Demo created 
[2012-01-12-46-14] [WORLDS]Demo ran Chunkster on Creative
[2012-01-12-42-54] [USERS]Demo set jojosippe to Creative
[2012-01-12-42-57] [USERS]Demo deopped jojosippe
[2012-01-12-42-59] [USERS]Demo healed jojosippe
[2012-01-17-59-35] [DASHBOARD] Demo said "test" 
[2012-01-17-59-43] [USERS]Demo set euromusic to Creative
[2012-01-17-00-37] [WORLDS]Demo changed difficulty to hard in Creative
[2012-01-17-23-28] [GLOBAL]Demo executed the command "h"
[2012-01-17-24-42] [GLOBAL]Demo restarted the server
[2012-01-17-25-27] [USERS]Demo unbanned 
[2012-01-17-25-36] [USERS]Demo healed euromusic
[2012-01-17-25-37] [USERS]Demo healed jojosippe
[2012-01-17-25-37] [USERS]Demo healed Antariano
[2012-01-17-25-38] [USERS]Demo healed NeatMonster
[2012-01-17-25-40] [USERS]Demo fed NeatMonster
[2012-01-17-25-40] [USERS]Demo fed Antariano
[2012-01-17-25-41] [USERS]Demo fed euromusic
[2012-01-17-16-01] [DASHBOARD] Demo said "quite interresting indeed" 
[2012-01-17-16-32] [USERS]Demo healed jojosippe
[2012-01-17-18-33] [GLOBAL]Demo restarted the server
[2012-01-17-54-30] [USERS]Demo opped Antariano
[2012-01-18-11-11] [WORLDS]Demo changed difficulty to normal in Creative
[2012-01-18-25-44] [USERS]Demo deopped jojosippe
[2012-01-18-25-46] [USERS]Demo deopped euromusic
[2012-01-18-25-47] [USERS]Demo opped Antariano
[2012-01-18-25-57] [USERS]Demo healed jojosippe
[2012-01-18-26-46] [WORLDS]Demo loaded Survival
[2012-01-18-27-32] [WORLDS]Demo ran Chunkster on Creative
[2012-01-18-55-00] [GLOBAL]Demo stopped the server
[2012-01-18-35-41] [USERS]Demo healed jojosippe
[2012-01-18-37-19] [WORLDS]Demo loaded Survival
[2012-01-18-37-46] [WORLDS]Demo unloaded Creative
[2012-01-18-06-29] [USERS]Demo set euromusic to Creative
[2012-01-18-43-41] [WORLDS]Demo changed difficulty to normal in Creative
[2012-01-18-44-56] [GLOBAL]Demo executed the command "s"
[2012-01-18-44-58] [GLOBAL]Demo executed the command "s"
[2012-01-18-46-57] [USERS]Demo set Antariano to Survival
[2012-01-18-47-03] [USERS]Demo killed Antariano
[2012-01-18-29-33] [GLOBAL]Demo executed the command "w"
[2012-01-18-29-37] [GLOBAL]Demo executed the command "w"
[2012-01-18-29-40] [GLOBAL]Demo executed the command "l"
[2012-01-18-30-21] [DASHBOARD] Demo said "FUS RO DAH!" 
[2012-01-18-48-39] [USERS]Demo added  to whitelist
[2012-01-18-50-30] [WORLDS]Demo ran Chunkster on Survival
[2012-01-18-09-13] [USERS]Demo healed jojosippe
[2012-01-18-09-53] [WORLDS]Demo changed difficulty to normal in Creative
[2012-01-18-10-15] [WORLDS]Demo loaded Survival
[2012-01-18-10-15] [WORLDS]Demo loaded Survival
[2012-01-18-02-47] [WORLDS]Demo changed difficulty to hard in Nether
[2012-01-18-35-35] [GLOBAL]Demo reloaded the server
[2012-01-18-35-59] [DASHBOARD] Demo said "llk;llkl;" 
[2012-01-18-36-15] [USERS]Demo set euromusic to Creative
[2012-01-18-36-19] [USERS]Demo healed euromusic
[2012-01-18-36-25] [USERS]Demo healed jojosippe
[2012-01-18-36-29] [USERS]Demo kicked jojosippe
[2012-01-18-38-40] [WORLDS]Demo ran Chunkster on Survival
[2012-01-18-40-59] [GLOBAL]Demo stopped the server
[2012-01-19-52-06] [USERS]Demo deopped jojosippe
[2012-01-19-22-23] [USERS]Demo set euromusic to Creative
[2012-01-19-22-28] [USERS]Demo deopped euromusic
[2012-01-19-22-30] [USERS]Demo healed euromusic
[2012-01-19-22-31] [USERS]Demo fed euromusic
[2012-01-19-22-39] [USERS]Demo killed jojosippe
[2012-01-19-34-38] [USERS]Demo healed jojosippe
[2012-01-19-29-33] [USERS]Demo set euromusic to Creative
[2012-01-19-29-36] [USERS]Demo healed euromusic
[2012-01-19-29-37] [USERS]Demo fed euromusic
[2012-01-19-30-10] [USERS]Demo opped Antariano
[2012-01-19-58-07] [USERS]Demo set Antariano to Survival
[2012-01-19-59-00] [WORLDS]Demo unloaded Creative
[2012-01-19-59-27] [WORLDS]Demo ran Chunkster on Creative
[2012-01-19-00-11] [WORLDS]Demo ran Chunkster on Hub
[2012-01-19-00-19] [GLOBAL]Demo stopped the server
[2012-01-19-53-30] [USERS]Demo ban euromusic
[2012-01-19-53-31] [USERS]Demo ban jojosippe
[2012-01-19-53-31] [USERS]Demo ban NeatMonster
[2012-01-19-53-41] [USERS]Demo ban Antariano
[2012-01-19-53-49] [USERS]Demo removed  from whitelist
[2012-01-19-53-54] [USERS]Demo removed  from whitelist
[2012-01-19-54-32] [GLOBAL]Demo restarted the server
[2012-01-20-11-08] [DASHBOARD] Demo said "HAAAAAAAAAHHHHHHHHHHHHAAAAA" 
[2012-01-20-11-22] [DASHBOARD] Demo said "spamspamspamspamspamspamspamspamspamspamspamspamspamspamspamspamspamspamspamspamspamspamspamspamspamspamspamspamspamspamspamspamspamspamspamspamspamspamspamspamspamspamspamspamspamspamspamspamspamspamspamspamspamspamspamspamspamspamspamspamspamspamspamspamspamspamspamspamspamspamspamspamspamspamspamspamspamspamspamspamspamspamspamspamspamspamspamspamspamspamspamspamspamspamspamspamspamspamspamspamspamspamspamspamspamspamspamspamspamspamspamspamspamspamspamspamspamspamspamspamspamspamspamspamspamspamspamspamspamspamspamspamspamspamspamspamspamspamspamspamspamspamspamspamspamspamspamspamspamspamspamspamspamspam" 
[2012-01-20-11-25] [DASHBOARD] Demo said "spamspamspamspamspamspamspamspamspamspamspamspamspamspamspamspamspamspamspamspamspamspamspamspamspamspamspamspamspamspamspamspamspamspamspamspamspamspamspamspamspamspamspamspamspamspamspamspamspamspamspamspamspamspam" 
[2012-01-20-11-33] [USERS]Demo set euromusic to Creative
[2012-01-20-11-38] [USERS]Demo set Antariano to Survival
[2012-01-20-12-41] [WORLDS]Demo changed difficulty to hard in Creative
[2012-01-20-13-13] [WORLDS]Demo created 
[2012-01-20-51-18] [USERS]Demo opped NeatMonster
[2012-01-20-26-32] [GLOBAL]Demo restarted the server
[2012-01-20-26-44] [GLOBAL]Demo stopped the server
[2012-01-20-39-17] [DASHBOARD] Demo said "hi" 
[2012-01-20-29-21] [USERS]Demo set Antariano to Survival
[2012-01-20-01-54] [GLOBAL]Demo stopped the server
[2012-01-20-02-10] [GLOBAL]Demo restarted the server
[2012-01-20-02-41] [GLOBAL]Demo executed the command "w"
[2012-01-20-02-44] [GLOBAL]Demo executed the command "w"
[2012-01-20-04-19] [USERS]Demo set euromusic to Creative
[2012-01-20-04-29] [USERS]Demo set euromusic to Creative
[2012-01-20-04-37] [USERS]Demo set Antariano to Survival
[2012-01-20-07-06] [USERS]Demo added  to whitelist
[2012-01-20-07-07] [USERS]Demo added  to whitelist
[2012-01-20-07-23] [GLOBAL]Demo reloaded the server
[2012-01-20-01-26] [GLOBAL]Demo reloaded the server
[2012-01-20-02-54] [USERS]Demo added  to whitelist
[2012-01-20-17-34] [USERS]Demo deopped euromusic
[2012-01-20-17-36] [USERS]Demo deopped jojosippe
[2012-01-20-17-44] [USERS]Demo killed euromusic
[2012-01-20-17-46] [USERS]Demo killed jojosippe
[2012-01-20-17-47] [USERS]Demo killed Antariano
[2012-01-20-17-48] [USERS]Demo killed NeatMonster
[2012-01-20-34-51] [DASHBOARD] Demo said "hi" 
[2012-01-20-35-11] [USERS]Demo set NeatMonster to Creative
[2012-01-20-35-16] [USERS]Demo set jojosippe to Creative
[2012-01-20-35-22] [USERS]Demo deopped jojosippe
[2012-01-20-35-24] [USERS]Demo deopped euromusic
[2012-01-20-24-12] [WORLDS]Demo ran Chunkster on Creative
[2012-01-20-24-19] [USERS]Demo added  to whitelist
[2012-01-20-19-22] [USERS]Demo opped Antariano
[2012-01-20-19-27] [USERS]Demo set Antariano to Survival
[2012-01-20-19-32] [USERS]Demo killed euromusic
[2012-01-20-20-20] [USERS]Demo unbanned 
[2012-01-21-34-54] [WORLDS]Demo changed difficulty to normal in Creative
[2012-01-21-11-52] [USERS]Demo set euromusic to Creative
[2012-01-21-11-53] [USERS]Demo set jojosippe to Creative
[2012-01-21-11-56] [USERS]Demo set NeatMonster to Creative
[2012-01-21-45-17] [USERS]Demo set jojosippe to Creative
[2012-01-21-45-23] [USERS]Demo set Antariano to Survival
[2012-01-21-45-28] [USERS]Demo healed jojosippe
[2012-01-21-45-31] [USERS]Demo healed jojosippe
[2012-01-21-45-31] [USERS]Demo healed jojosippe
[2012-01-21-45-32] [USERS]Demo healed jojosippe
[2012-01-21-45-33] [USERS]Demo healed jojosippe
[2012-01-21-45-33] [USERS]Demo healed jojosippe
[2012-01-21-45-33] [USERS]Demo healed jojosippe
[2012-01-21-45-33] [USERS]Demo healed jojosippe
[2012-01-21-45-34] [USERS]Demo healed jojosippe
[2012-01-21-45-36] [USERS]Demo healed jojosippe
[2012-01-21-45-36] [USERS]Demo healed jojosippe
[2012-01-21-45-36] [USERS]Demo healed jojosippe
[2012-01-21-45-36] [USERS]Demo healed jojosippe
[2012-01-21-45-37] [USERS]Demo healed jojosippe
[2012-01-21-45-37] [USERS]Demo healed jojosippe
[2012-01-21-45-37] [USERS]Demo healed jojosippe
[2012-01-21-45-38] [USERS]Demo healed jojosippe
[2012-01-21-24-29] [DASHBOARD] Demo said "sup" 
[2012-01-21-24-42] [USERS]Demo set euromusic to Creative
[2012-01-21-24-47] [USERS]Demo set Antariano to Survival
[2012-01-21-24-50] [USERS]Demo opped Antariano
[2012-01-21-24-52] [USERS]Demo healed Antariano
[2012-01-21-26-16] [WORLDS]Demo ran Chunkster on Hub
[2012-01-22-02-10] [WORLDS]Demo loaded Survival
[2012-01-22-03-52] [GLOBAL]Demo stopped the server
[2012-01-22-04-23] [GLOBAL]Demo stopped the server
[2012-01-22-04-59] [USERS]Demo set Antariano to Survival
[2012-01-22-05-10] [USERS]Demo set Antariano to Survival
[2012-01-22-05-12] [USERS]Demo set NeatMonster to Creative
[2012-01-22-05-19] [USERS]Demo deopped euromusic
[2012-01-22-05-21] [USERS]Demo deopped jojosippe
[2012-01-22-05-23] [USERS]Demo deopped jojosippe
[2012-01-22-05-23] [USERS]Demo deopped jojosippe
[2012-01-22-05-24] [USERS]Demo deopped jojosippe
[2012-01-22-05-24] [USERS]Demo deopped jojosippe
[2012-01-22-05-25] [USERS]Demo deopped jojosippe
[2012-01-22-05-25] [USERS]Demo deopped jojosippe
[2012-01-22-05-26] [USERS]Demo deopped jojosippe
[2012-01-22-05-27] [USERS]Demo deopped jojosippe
[2012-01-22-05-36] [USERS]Demo fed Antariano
[2012-01-22-05-37] [USERS]Demo healed jojosippe
[2012-01-22-05-40] [USERS]Demo healed jojosippe
[2012-01-22-05-41] [USERS]Demo healed jojosippe
[2012-01-22-05-41] [USERS]Demo healed jojosippe
[2012-01-22-05-42] [USERS]Demo killed jojosippe
[2012-01-22-08-06] [WORLDS]Demo ran Chunkster on Survival
[2012-01-22-50-17] [USERS]Demo set Antariano to Survival
[2012-01-22-50-19] [USERS]Demo set Antariano to Survival
[2012-01-22-51-09] [WORLDS]Demo changed difficulty to normal in Creative
[2012-01-22-51-30] [WORLDS]Demo loaded Survival
[2012-01-22-51-52] [WORLDS]Demo loaded Survival
[2012-01-22-52-07] [WORLDS]Demo ran Chunkster on Creative
[2012-01-22-28-57] [USERS]Demo set jojosippe to Creative
[2012-01-22-30-33] [DASHBOARD] Demo said "dwd" 
[2012-01-22-31-04] [GLOBAL]Demo executed the command "r"
[2012-01-22-31-18] [USERS]Demo set euromusic to Creative
[2012-01-22-31-23] [USERS]Demo healed euromusic
[2012-01-22-31-39] [USERS]Demo killed NeatMonster
[2012-01-22-31-41] [USERS]Demo kicked NeatMonster
[2012-01-22-43-02] [WORLDS]Demo changed difficulty to easy in Creative
[2012-01-22-43-06] [WORLDS]Demo changed difficulty to hard in Creative
[2012-01-22-43-57] [WORLDS]Demo loaded Survival
[2012-01-22-45-58] [WORLDS]Demo ran Chunkster on Creative
[2012-01-22-25-03] [USERS]Demo added  to whitelist
[2012-01-22-25-24] [USERS]Demo added  to whitelist
[2012-01-22-27-02] [GLOBAL]Demo stopped the server
[2012-01-22-19-51] [USERS]Demo set jojosippe to Creative
[2012-01-22-19-56] [USERS]Demo healed jojosippe
[2012-01-22-19-58] [USERS]Demo fed jojosippe
[2012-01-22-32-38] [USERS]Demo removed  from whitelist
[2012-01-22-32-43] [USERS]Demo unbanned 
[2012-01-23-46-13] [USERS]Demo set Antariano to Survival
[2012-01-23-46-20] [USERS]Demo set Antariano to Survival
[2012-01-23-46-23] [USERS]Demo set Antariano to Survival
[2012-01-23-46-27] [USERS]Demo set Antariano to Survival
[2012-01-23-46-34] [USERS]Demo removed  from whitelist
[2012-01-23-11-47] [USERS]Demo deopped euromusic
[2012-01-23-11-50] [USERS]Demo deopped jojosippe
[2012-01-23-12-12] [DASHBOARD] Demo said "ello" 
[2012-01-23-12-34] [USERS]Demo unbanned 
[2012-01-23-14-31] [WORLDS]Demo changed difficulty to hard in Creative
[2012-01-23-14-39] [WORLDS]Demo unloaded Nether
[2012-01-23-15-00] [WORLDS]Demo unloaded Admin
[2012-01-23-16-58] [GLOBAL]Demo stopped the server
[2012-01-23-36-40] [USERS]Demo deopped jojosippe
[2012-01-23-36-46] [USERS]Demo set jojosippe to Creative
[2012-01-23-37-54] [USERS]Demo removed  from whitelist
[2012-01-23-37-55] [USERS]Demo removed  from whitelist
[2012-01-23-37-57] [USERS]Demo removed  from whitelist
[2012-01-23-37-58] [USERS]Demo removed  from whitelist
[2012-01-23-38-10] [USERS]Demo deopped jojosippe
[2012-01-23-38-11] [USERS]Demo deopped euromusic
[2012-01-23-38-12] [USERS]Demo opped Antariano
[2012-01-23-38-14] [USERS]Demo opped NeatMonster
[2012-01-23-38-17] [USERS]Demo healed NeatMonster
[2012-01-23-38-18] [USERS]Demo fed NeatMonster
[2012-01-23-38-19] [USERS]Demo fed NeatMonster
[2012-01-23-39-19] [GLOBAL]Demo executed the command "h"
[2012-01-23-40-01] [GLOBAL]Demo executed the command "l"
[2012-01-23-40-43] [USERS]Demo set euromusic to Creative
[2012-01-23-41-06] [USERS]Demo set euromusic to Creative
[2012-01-23-41-21] [USERS]Demo set NeatMonster to Creative
[2012-01-23-41-25] [USERS]Demo set NeatMonster to Creative
[2012-01-23-55-55] [USERS]Demo fed euromusic
[2012-01-23-55-59] [USERS]Demo fed jojosippe
[2012-01-23-56-01] [USERS]Demo fed NeatMonster
[2012-01-23-56-02] [USERS]Demo healed euromusic
[2012-01-23-56-03] [USERS]Demo healed jojosippe
[2012-01-23-56-03] [USERS]Demo healed Antariano
[2012-01-23-56-05] [USERS]Demo healed NeatMonster
[2012-01-23-56-08] [USERS]Demo healed jojosippe
[2012-01-23-00-16] [USERS]Demo killed jojosippe
[2012-01-23-11-32] [GLOBAL]Demo restarted the server
[2012-01-23-11-54] [GLOBAL]Demo executed the command "H"
[2012-01-23-23-44] [USERS]Demo ban euromusic
[2012-01-23-23-50] [USERS]Demo killed jojosippe
[2012-01-23-23-53] [USERS]Demo killed Antariano
[2012-01-23-23-55] [USERS]Demo killed NeatMonster
[2012-01-23-24-05] [USERS]Demo kicked jojosippe
[2012-01-23-24-15] [USERS]Demo set NeatMonster to Creative
[2012-01-23-24-16] [USERS]Demo set Antariano to Survival
[2012-01-23-24-20] [USERS]Demo opped Antariano
[2012-01-23-24-20] [USERS]Demo opped NeatMonster
[2012-01-24-40-03] [GLOBAL]Demo executed the command "s"
[2012-01-24-40-03] [GLOBAL]Demo executed the command "s"
[2012-01-24-40-05] [GLOBAL]Demo executed the command "s"
[2012-01-24-40-06] [GLOBAL]Demo executed the command "s"
[2012-01-24-40-06] [GLOBAL]Demo executed the command "s"
[2012-01-24-40-06] [GLOBAL]Demo executed the command "s"
[2012-01-24-40-06] [GLOBAL]Demo executed the command "s"
[2012-01-24-40-07] [GLOBAL]Demo executed the command "s"
[2012-01-24-20-43] [USERS]Demo fed NeatMonster
[2012-01-24-20-49] [USERS]Demo fed Antariano
[2012-01-24-22-49] [USERS]Demo killed euromusic
[2012-01-24-24-18] [WORLDS]Demo changed difficulty to hard in Creative
[2012-01-24-34-36] [GLOBAL]Demo executed the command "f"
[2012-01-24-34-37] [GLOBAL]Demo executed the command "f"
[2012-01-24-34-38] [GLOBAL]Demo executed the command "f"
[2012-01-24-34-39] [GLOBAL]Demo executed the command "f"
[2012-01-24-34-54] [GLOBAL]Demo executed the command "f"
[2012-01-24-35-26] [GLOBAL]Demo executed the command "s"
[2012-01-24-35-44] [GLOBAL]Demo executed the command "H"
[2012-01-24-36-00] [USERS]Demo set euromusic to Creative
[2012-01-24-36-05] [USERS]Demo opped Antariano
[2012-01-24-36-07] [USERS]Demo healed jojosippe
[2012-01-24-36-08] [USERS]Demo fed jojosippe
[2012-01-24-36-16] [USERS]Demo killed jojosippe
[2012-01-24-40-15] [WORLDS]Demo ran Chunkster on Survival
[2012-01-24-43-00] [DASHBOARD] Demo said "Hi" 
[2012-01-24-43-12] [USERS]Demo removed  from whitelist
[2012-01-24-43-25] [GLOBAL]Demo restarted the server
[2012-01-24-43-30] [GLOBAL]Demo restarted the server
[2012-01-24-43-41] [GLOBAL]Demo stopped the server
[2012-01-24-28-52] [USERS]Demo healed euromusic
[2012-01-24-28-57] [USERS]Demo fed euromusic
[2012-01-24-28-58] [USERS]Demo fed jojosippe
[2012-01-24-28-59] [USERS]Demo healed jojosippe
[2012-01-24-28-59] [USERS]Demo healed Antariano
[2012-01-24-29-00] [USERS]Demo fed Antariano
[2012-01-24-29-01] [USERS]Demo fed NeatMonster
[2012-01-24-29-01] [USERS]Demo healed NeatMonster
[2012-01-24-36-16] [WORLDS]Demo ran Chunkster on Hub
[2012-01-25-45-39] [USERS]Demo set euromusic to Creative
[2012-01-25-45-46] [USERS]Demo set Antariano to Survival
[2012-01-25-00-10] [WORLDS]Demo ran Chunkster on Hub
[2012-01-25-00-40] [WORLDS]Demo ran MapAutoTrim on Creative
[2012-01-25-01-58] [USERS]Demo kicked jojosippe
[2012-01-25-49-58] [GLOBAL]Demo reloaded the server
[2012-01-25-40-59] [GLOBAL]Demo reloaded the server
[2012-01-25-41-09] [USERS]Demo set Antariano to Survival
[2012-01-25-19-59] [GLOBAL]Demo stopped the server
[2012-01-25-12-22] [GLOBAL]Demo reloaded the server
[2012-01-26-01-42] [GLOBAL]Demo executed the command "w"
[2012-01-26-01-44] [GLOBAL]Demo executed the command "w"
[2012-01-26-01-57] [GLOBAL]Demo executed the command "w"
[2012-01-26-02-18] [GLOBAL]Demo executed the command "w"
[2012-01-26-03-20] [GLOBAL]Demo executed the command "w"
[2012-01-26-03-20] [GLOBAL]Demo executed the command "w"
[2012-01-26-03-21] [GLOBAL]Demo executed the command "w"
[2012-01-26-05-52] [GLOBAL]Demo stopped the server
[2012-01-26-06-28] [DASHBOARD] Demo said "can someone add blk59801 to the whitelist" 
[2012-01-26-07-00] [GLOBAL]Demo executed the command "w"
[2012-01-26-57-48] [USERS]Demo opped Antariano
[2012-01-26-57-50] [USERS]Demo opped NeatMonster
[2012-01-26-58-15] [USERS]Demo opped Antariano
[2012-01-26-58-17] [USERS]Demo opped NeatMonster
[2012-01-26-59-18] [WORLDS]Demo loaded Survival
[2012-01-26-38-33] [DASHBOARD] Demo said "6" 
[2012-01-26-38-52] [USERS]Demo deopped euromusic
[2012-01-26-39-01] [USERS]Demo set euromusic to Creative
[2012-01-26-27-05] [GLOBAL]Demo restarted the server
[2012-01-26-24-23] [GLOBAL]Demo restarted the server
[2012-01-26-35-42] [USERS]Demo set euromusic to Creative
[2012-01-26-35-59] [USERS]Demo set Antariano to Survival
[2012-01-26-35-59] [USERS]Demo deopped jojosippe
[2012-01-26-36-00] [USERS]Demo deopped euromusic
[2012-01-26-36-16] [GLOBAL]Demo executed the command "h"
[2012-01-26-38-39] [DASHBOARD] Demo said "what a load of crap" 
[2012-01-26-49-41] [USERS]Demo set Antariano to Survival
[2012-01-26-56-27] [USERS]Demo set Antariano to Survival
[2012-01-26-56-37] [USERS]Demo opped Antariano
[2012-01-26-56-38] [USERS]Demo opped NeatMonster
[2012-01-26-57-03] [USERS]Demo ban euromusic
[2012-01-26-57-24] [USERS]Demo ban jojosippe
[2012-01-26-57-25] [USERS]Demo ban Antariano
[2012-01-26-57-46] [USERS]Demo ban NeatMonster
[2012-01-26-59-37] [WORLDS]Demo ran Chunkster on Survival
[2012-01-26-00-50] [USERS]Demo added  to whitelist
[2012-01-26-00-57] [WORLDS]Demo unloaded Nether
[2012-01-26-00-59] [USERS]Demo added  to whitelist
[2012-01-26-01-17] [USERS]Demo added  to whitelist
[2012-01-26-01-29] [USERS]Demo unbanned 
[2012-01-26-02-00] [WORLDS]Demo ran Chunkster on Survival
[2012-01-26-02-03] [USERS]Demo added  to whitelist
[2012-01-26-02-20] [GLOBAL]Demo reloaded the server
[2012-01-26-02-31] [GLOBAL]Demo restarted the server
[2012-01-26-02-39] [USERS]Demo deopped jojosippe
[2012-01-26-02-40] [USERS]Demo deopped euromusic
[2012-01-26-02-42] [USERS]Demo deopped jojosippe
[2012-01-26-02-43] [USERS]Demo deopped euromusic
[2012-01-26-02-43] [USERS]Demo deopped euromusic
[2012-01-26-02-44] [USERS]Demo deopped jojosippe
[2012-01-26-02-45] [USERS]Demo deopped euromusic
[2012-01-26-03-13] [DASHBOARD] Demo said "add me to the white list pls" 
[2012-01-26-03-15] [DASHBOARD] Demo said "" 
[2012-01-27-49-31] [GLOBAL]Demo reloaded the server
[2012-01-27-50-58] [WORLDS]Demo changed difficulty to normal in Creative
[2012-01-27-51-01] [WORLDS]Demo changed difficulty to hard in Creative
[2012-01-27-01-32] [DASHBOARD] Demo said "sokewl" 
[2012-01-27-01-47] [USERS]Demo kicked euromusic
[2012-01-27-01-55] [USERS]Demo ban euromusic
[2012-01-27-02-04] [USERS]Demo killed euromusic
[2012-01-27-02-11] [USERS]Demo healed jojosippe
[2012-01-27-02-19] [USERS]Demo opped Antariano
[2012-01-27-02-24] [USERS]Demo set Antariano to Survival
[2012-01-27-05-59] [DASHBOARD] Demo said "goats" 
[2012-01-27-59-13] [WORLDS]Demo changed difficulty to hard in Creative
[2012-01-27-59-51] [GLOBAL]Demo executed the command "s"
[2012-01-27-59-54] [GLOBAL]Demo executed the command "s"
[2012-01-27-59-55] [GLOBAL]Demo executed the command "s"
[2012-01-27-59-55] [GLOBAL]Demo executed the command "s"
[2012-01-27-59-55] [GLOBAL]Demo executed the command "s"
[2012-01-27-59-56] [GLOBAL]Demo executed the command "s"
[2012-01-27-59-56] [GLOBAL]Demo executed the command "s"
[2012-01-27-59-56] [GLOBAL]Demo executed the command "s"
[2012-01-27-59-56] [GLOBAL]Demo executed the command "s"
[2012-01-27-59-57] [GLOBAL]Demo executed the command "s"
[2012-01-27-59-57] [GLOBAL]Demo executed the command "s"
[2012-01-27-59-57] [GLOBAL]Demo executed the command "s"
[2012-01-27-59-57] [GLOBAL]Demo executed the command "s"
[2012-01-27-59-57] [GLOBAL]Demo executed the command "s"
[2012-01-27-59-57] [GLOBAL]Demo executed the command "s"
[2012-01-27-59-58] [GLOBAL]Demo executed the command "s"
[2012-01-27-59-58] [GLOBAL]Demo executed the command "s"
[2012-01-27-59-58] [GLOBAL]Demo executed the command "s"
[2012-01-27-59-58] [GLOBAL]Demo executed the command "s"
[2012-01-27-59-58] [GLOBAL]Demo executed the command "s"
[2012-01-27-59-58] [GLOBAL]Demo executed the command "s"
[2012-01-27-59-59] [GLOBAL]Demo executed the command "s"
[2012-01-27-59-59] [GLOBAL]Demo executed the command "s"
[2012-01-27-59-59] [GLOBAL]Demo executed the command "s"
[2012-01-27-59-59] [GLOBAL]Demo executed the command "s"
[2012-01-27-59-59] [GLOBAL]Demo executed the command "s"
[2012-01-27-00-00] [GLOBAL]Demo executed the command "s"
[2012-01-27-00-00] [GLOBAL]Demo executed the command "s"
[2012-01-27-00-00] [GLOBAL]Demo executed the command "s"
[2012-01-27-00-00] [GLOBAL]Demo executed the command "s"
[2012-01-27-00-08] [GLOBAL]Demo executed the command "s"
[2012-01-27-00-09] [GLOBAL]Demo executed the command "s"
[2012-01-27-00-09] [GLOBAL]Demo executed the command "s"
[2012-01-27-00-09] [GLOBAL]Demo executed the command "s"
[2012-01-27-00-09] [GLOBAL]Demo executed the command "s"
[2012-01-27-00-09] [GLOBAL]Demo executed the command "s"
[2012-01-27-00-10] [GLOBAL]Demo executed the command "s"
[2012-01-27-00-10] [GLOBAL]Demo executed the command "s"
[2012-01-27-00-10] [GLOBAL]Demo executed the command "s"
[2012-01-27-00-10] [GLOBAL]Demo executed the command "s"
[2012-01-27-00-11] [GLOBAL]Demo executed the command "s"
[2012-01-27-00-11] [GLOBAL]Demo executed the command "s"
[2012-01-27-00-11] [GLOBAL]Demo executed the command "s"
[2012-01-27-00-11] [GLOBAL]Demo executed the command "s"
[2012-01-27-00-11] [GLOBAL]Demo executed the command "s"
[2012-01-27-00-11] [GLOBAL]Demo executed the command "s"
[2012-01-27-00-12] [GLOBAL]Demo executed the command "s"
[2012-01-27-00-12] [GLOBAL]Demo executed the command "s"
[2012-01-27-00-12] [GLOBAL]Demo executed the command "s"
[2012-01-27-00-12] [GLOBAL]Demo executed the command "s"
[2012-01-27-00-12] [GLOBAL]Demo executed the command "s"
[2012-01-27-00-12] [GLOBAL]Demo executed the command "s"
[2012-01-27-00-13] [GLOBAL]Demo executed the command "s"
[2012-01-27-00-13] [GLOBAL]Demo executed the command "s"
[2012-01-27-00-13] [GLOBAL]Demo executed the command "s"
[2012-01-27-00-15] [GLOBAL]Demo executed the command "s"
[2012-01-27-00-17] [GLOBAL]Demo executed the command "s"
[2012-01-27-00-17] [GLOBAL]Demo executed the command "s"
[2012-01-27-00-17] [GLOBAL]Demo executed the command "s"
[2012-01-27-00-17] [GLOBAL]Demo executed the command "s"
[2012-01-27-48-20] [USERS]Demo added  to whitelist
[2012-01-27-51-06] [USERS]Demo healed jojosippe
[2012-01-27-54-40] [WORLDS]Demo changed difficulty to hard in Creative
[2012-01-27-55-42] [GLOBAL]Demo stopped the server
[2012-01-27-50-52] [GLOBAL]Demo executed the command "s"
[2012-01-27-50-58] [GLOBAL]Demo executed the command "l"
[2012-01-27-51-41] [WORLDS]Demo loaded Survival
[2012-01-27-01-40] [USERS]Demo opped Antariano
[2012-01-27-01-43] [USERS]Demo opped NeatMonster
[2012-01-27-01-53] [USERS]Demo healed jojosippe
[2012-01-27-03-27] [WORLDS]Demo ran Chunkster on Creative
[2012-01-27-09-47] [USERS]Demo set jojosippe to Creative
[2012-01-27-09-52] [USERS]Demo healed jojosippe
[2012-01-28-01-59] [GLOBAL]Demo restarted the server
[2012-01-28-11-23] [USERS]Demo set NeatMonster to Creative
[2012-01-28-11-45] [USERS]Demo unbanned 
[2012-01-28-20-26] [USERS]Demo set euromusic to Creative
[2012-01-28-20-29] [USERS]Demo deopped euromusic
[2012-01-28-20-32] [USERS]Demo killed euromusic
[2012-01-28-20-35] [USERS]Demo killed jojosippe
[2012-01-28-20-38] [USERS]Demo kicked jojosippe
[2012-01-28-20-49] [USERS]Demo ban jojosippe
[2012-01-28-21-30] [GLOBAL]Demo executed the command "s"
[2012-01-28-21-32] [GLOBAL]Demo executed the command "s"
[2012-01-28-22-14] [WORLDS]Demo ran MapAutoTrim on Creative
[2012-01-28-22-55] [GLOBAL]Demo reloaded the server
[2012-01-28-23-13] [DASHBOARD] Demo said "YOU ROCK" 
[2012-01-28-23-14] [DASHBOARD] Demo said "ROCK" 
[2012-01-28-23-16] [DASHBOARD] Demo said "ROCK" 
[2012-01-28-23-18] [DASHBOARD] Demo said "LOL" 
[2012-01-28-23-19] [DASHBOARD] Demo said "SPAM" 
[2012-01-28-23-21] [DASHBOARD] Demo said "SPAM" 
[2012-01-28-23-22] [DASHBOARD] Demo said "SPAm" 
[2012-01-28-23-24] [DASHBOARD] Demo said "SPAM" 
[2012-01-28-08-24] [GLOBAL]Demo executed the command "s"
[2012-01-28-08-25] [GLOBAL]Demo executed the command "s"
[2012-01-28-08-27] [GLOBAL]Demo executed the command "s"
[2012-01-28-08-42] [DASHBOARD] Demo said "sup" 
[2012-01-28-08-45] [DASHBOARD] Demo said "hello" 
[2012-01-28-08-53] [USERS]Demo set euromusic to Creative
[2012-01-28-08-57] [USERS]Demo deopped euromusic
[2012-01-28-09-58] [WORLDS]Demo loaded Survival
[2012-01-28-07-16] [USERS]Demo set NeatMonster to Creative
[2012-01-28-07-23] [USERS]Demo killed NeatMonster
[2012-01-28-07-27] [GLOBAL]Demo restarted the server
[2012-01-29-30-13] [USERS]Demo set euromusic to Creative
[2012-01-29-30-14] [USERS]Demo set jojosippe to Creative
[2012-01-29-33-49] [USERS]Demo added  to whitelist
[2012-01-29-33-51] [USERS]Demo added  to whitelist
[2012-01-29-34-00] [USERS]Demo added  to whitelist
[2012-01-29-52-49] [USERS]Demo set Antariano to Survival
[2012-01-29-52-54] [USERS]Demo deopped jojosippe
[2012-01-29-52-56] [USERS]Demo deopped euromusic
[2012-01-29-53-04] [USERS]Demo fed euromusic
[2012-01-29-01-26] [USERS]Demo removed  from whitelist
[2012-01-29-20-20] [GLOBAL]Demo stopped the server
[2012-01-29-51-22] [DASHBOARD] Demo said "lulz" 
[2012-01-29-53-08] [GLOBAL]Demo executed the command "s"
[2012-01-29-53-11] [GLOBAL]Demo executed the command "s"
[2012-01-29-56-16] [DASHBOARD] Demo said "hi" 
[2012-01-29-06-41] [USERS]Demo ban euromusic
[2012-01-29-06-48] [USERS]Demo unbanned 
[2012-01-29-06-53] [USERS]Demo removed  from whitelist
[2012-01-30-35-46] [USERS]Demo set NeatMonster to Creative
[2012-01-30-35-53] [USERS]Demo deopped jojosippe
[2012-01-30-36-50] [WORLDS]Demo changed difficulty to hard in Creative
[2012-01-30-37-23] [WORLDS]Demo ran Chunkster on Creative
[2012-01-30-47-40] [WORLDS]Demo ran Chunkster on Creative
[2012-01-30-40-59] [DASHBOARD] Demo said "hi" 
[2012-01-30-41-11] [USERS]Demo healed jojosippe
[2012-01-30-40-50] [USERS]Demo set Antariano to Survival
[2012-01-30-40-58] [USERS]Demo killed euromusic
[2012-01-30-42-17] [DASHBOARD] Demo said "test" 
[2012-01-30-42-18] [DASHBOARD] Demo said "" 
[2012-01-30-15-19] [GLOBAL]Demo reloaded the server
[2012-01-30-36-46] [USERS]Demo deopped euromusic
[2012-01-30-37-04] [USERS]Demo ban jojosippe
[2012-01-30-53-38] [DASHBOARD] Demo said "sfdsf" 
[2012-01-30-53-48] [USERS]Demo deopped euromusic
[2012-01-30-53-51] [USERS]Demo healed euromusic
[2012-01-30-53-52] [USERS]Demo fed euromusic
[2012-01-30-54-02] [USERS]Demo killed jojosippe
[2012-01-30-55-19] [WORLDS]Demo ran Chunkster on Hub
[2012-01-31-35-01] [DASHBOARD] Demo said "zup" 
[2012-01-31-10-15] [USERS]Demo deopped jojosippe
[2012-01-31-10-24] [USERS]Demo healed jojosippe
[2012-01-31-10-29] [USERS]Demo fed jojosippe
[2012-01-31-11-15] [DASHBOARD] Demo said "wtf?" 
[2012-01-31-11-17] [DASHBOARD] Demo said "" 
[2012-01-31-44-47] [USERS]Demo deopped jojosippe
[2012-01-31-44-50] [USERS]Demo deopped euromusic
[2012-01-31-45-02] [USERS]Demo kicked Antariano
[2012-01-31-45-05] [USERS]Demo kicked NeatMonster
[2012-01-31-01-09] [USERS]Demo healed jojosippe
[2012-01-31-03-36] [GLOBAL]Demo reloaded the server
[2012-01-31-03-51] [GLOBAL]Demo stopped the server
[2012-01-31-03-56] [GLOBAL]Demo stopped the server
[2012-01-31-26-31] [GLOBAL]Demo executed the command "s"
[2012-01-31-26-37] [GLOBAL]Demo executed the command "s"
[2012-01-31-26-49] [DASHBOARD] Demo said "Hust^^" 
[2012-01-31-26-52] [DASHBOARD] Demo said "" 
[2012-01-31-27-16] [USERS]Demo killed NeatMonster
[2012-01-31-17-39] [GLOBAL]Demo executed the command "p"
[2012-01-31-17-41] [GLOBAL]Demo executed the command "p"
[2012-01-31-40-19] [GLOBAL]Demo stopped the server
[2012-01-31-40-23] [USERS]Demo set euromusic to Creative
[2012-01-31-40-24] [USERS]Demo deopped euromusic
[2012-01-31-40-25] [USERS]Demo healed euromusic
[2012-02-01-40-11] [WORLDS]Demo changed difficulty to easy in Creative
[2012-02-01-42-52] [USERS]Demo opped Antariano
[2012-02-01-42-52] [USERS]Demo opped Antariano
[2012-02-01-02-33] [USERS]Demo removed  from whitelist
[2012-02-01-02-35] [USERS]Demo removed  from whitelist
[2012-02-01-02-39] [USERS]Demo added  to whitelist
[2012-02-01-02-41] [USERS]Demo added  to whitelist
[2012-02-01-14-46] [USERS]Demo healed euromusic
[2012-02-01-15-03] [GLOBAL]Demo executed the command ""
[2012-02-01-15-08] [GLOBAL]Demo executed the command "s"
[2012-02-01-15-11] [GLOBAL]Demo executed the command "s"
[2012-02-01-15-12] [GLOBAL]Demo executed the command "s"
[2012-02-01-15-13] [GLOBAL]Demo executed the command "s"
[2012-02-01-15-13] [GLOBAL]Demo executed the command "s"
[2012-02-01-15-13] [GLOBAL]Demo executed the command "s"
[2012-02-01-15-14] [GLOBAL]Demo executed the command "s"
[2012-02-01-15-14] [GLOBAL]Demo executed the command "s"
[2012-02-01-15-14] [GLOBAL]Demo executed the command "s"
[2012-02-01-15-14] [GLOBAL]Demo executed the command "s"
[2012-02-01-15-14] [GLOBAL]Demo executed the command "s"
[2012-02-01-15-14] [GLOBAL]Demo executed the command "s"
[2012-02-01-15-15] [GLOBAL]Demo executed the command "s"
[2012-02-01-15-15] [GLOBAL]Demo executed the command "s"
[2012-02-01-15-15] [GLOBAL]Demo executed the command "s"
[2012-02-01-15-15] [GLOBAL]Demo executed the command "s"
[2012-02-01-20-10] [DASHBOARD] Demo said "" 
[2012-02-01-36-19] [USERS]Demo set Antariano to Survival
[2012-02-01-36-32] [USERS]Demo killed jojosippe
[2012-02-01-29-29] [USERS]Demo ban euromusic
[2012-02-01-29-39] [USERS]Demo unbanned 
[2012-02-01-10-00] [GLOBAL]Demo reloaded the server
[2012-02-02-11-09] [USERS]Demo set euromusic to Creative
[2012-02-02-11-12] [USERS]Demo set jojosippe to Creative
[2012-02-02-11-14] [USERS]Demo set Antariano to Survival
[2012-02-02-11-16] [USERS]Demo set NeatMonster to Creative
[2012-02-02-11-18] [USERS]Demo deopped jojosippe
[2012-02-02-11-19] [USERS]Demo deopped euromusic
[2012-02-02-11-20] [USERS]Demo opped Antariano
[2012-02-02-11-21] [USERS]Demo opped NeatMonster
[2012-02-02-25-32] [GLOBAL]Demo executed the command "h"
[2012-02-02-25-47] [GLOBAL]Demo executed the command "h"
[2012-02-02-26-52] [GLOBAL]Demo restarted the server
[2012-02-02-22-05] [WORLDS]Demo changed difficulty to hard in Admin
[2012-02-02-26-40] [USERS]Demo healed jojosippe
[2012-02-02-26-44] [USERS]Demo fed jojosippe
[2012-02-02-22-10] [USERS]Demo set euromusic to Creative
[2012-02-02-59-39] [GLOBAL]Demo executed the command "s"
[2012-02-02-00-00] [USERS]Demo set Antariano to Survival
[2012-02-03-29-08] [USERS]Demo fed euromusic
[2012-02-03-29-17] [USERS]Demo set Antariano to Survival
[2012-02-03-29-23] [USERS]Demo unbanned 
[2012-02-03-29-26] [USERS]Demo unbanned 
[2012-02-03-30-08] [GLOBAL]Demo restarted the server
[2012-02-03-36-47] [USERS]Demo opped NeatMonster
[2012-02-03-36-47] [USERS]Demo opped Antariano
[2012-02-03-36-51] [USERS]Demo killed jojosippe
[2012-02-03-36-52] [USERS]Demo killed Antariano
[2012-02-03-37-09] [USERS]Demo unbanned 
[2012-02-03-31-40] [WORLDS]Demo loaded Survival
[2012-02-03-31-44] [WORLDS]Demo loaded Survival
[2012-02-03-31-48] [WORLDS]Demo loaded Survival
[2012-02-03-32-09] [WORLDS]Demo loaded Survival
[2012-02-03-32-09] [WORLDS]Demo unloaded Creative
[2012-02-03-32-09] [WORLDS]Demo loaded Survival
[2012-02-03-27-54] [USERS]Demo set Antariano to Survival
[2012-02-03-28-13] [USERS]Demo deopped jojosippe
[2012-02-03-28-39] [DASHBOARD] Demo said "hi" 
[2012-02-03-29-32] [USERS]Demo unbanned 
[2012-02-03-31-56] [WORLDS]Demo loaded Survival
[2012-02-03-32-42] [WORLDS]Demo ran Chunkster on Nether
[2012-02-03-33-24] [GLOBAL]Demo reloaded the server
[2012-02-03-34-09] [USERS]Demo healed jojosippe
[2012-02-03-34-19] [USERS]Demo killed jojosippe
[2012-02-03-36-14] [GLOBAL]Demo stopped the server
[2012-02-03-36-38] [GLOBAL]Demo restarted the server
[2012-02-04-40-23] [USERS]Demo set euromusic to Creative
[2012-02-04-40-26] [USERS]Demo set jojosippe to Creative
[2012-02-04-56-39] [GLOBAL]Demo stopped the server
[2012-02-04-56-39] [GLOBAL]Demo reloaded the server
[2012-02-04-19-13] [DASHBOARD] Demo said "hello" 
[2012-02-04-19-38] [USERS]Demo kicked euromusic
[2012-02-04-19-41] [USERS]Demo killed euromusic
[2012-02-04-19-42] [USERS]Demo killed jojosippe
[2012-02-04-19-43] [USERS]Demo killed Antariano
[2012-02-04-19-46] [USERS]Demo killed NeatMonster
[2012-02-04-22-09] [GLOBAL]Demo executed the command "p"
[2012-02-04-22-13] [GLOBAL]Demo executed the command "p"
[2012-02-04-22-18] [GLOBAL]Demo executed the command "p"
[2012-02-04-24-22] [GLOBAL]Demo restarted the server
[2012-02-04-37-02] [USERS]Demo opped Antariano
[2012-02-04-37-56] [WORLDS]Demo changed difficulty to normal in Creative
[2012-02-04-38-00] [WORLDS]Demo changed difficulty to hard in Creative
[2012-02-04-46-26] [USERS]Demo set jojosippe to Creative
[2012-02-04-46-35] [USERS]Demo set jojosippe to Creative
[2012-02-04-46-39] [USERS]Demo deopped jojosippe
[2012-02-04-13-57] [USERS]Demo deopped jojosippe
[2012-02-04-14-47] [WORLDS]Demo changed difficulty to hard in Creative
[2012-02-04-15-51] [DASHBOARD] Demo said "fuck" 
[2012-02-05-24-50] [DASHBOARD] Demo said "lol" 
[2012-02-05-30-12] [WORLDS]Demo ran Chunkster on Hub
[2012-02-05-31-59] [DASHBOARD] Demo said "asd" 
[2012-02-05-43-12] [USERS]Demo healed euromusic
[2012-02-05-43-16] [USERS]Demo healed jojosippe
[2012-02-05-43-17] [USERS]Demo healed jojosippe
[2012-02-05-43-25] [USERS]Demo killed jojosippe
[2012-02-05-43-27] [USERS]Demo killed jojosippe
[2012-02-05-43-41] [USERS]Demo ban jojosippe
[2012-02-05-43-41] [USERS]Demo unbanned 
[2012-02-05-43-41] [USERS]Demo removed  from whitelist
[2012-02-05-44-06] [USERS]Demo banned 
[2012-02-05-01-28] [USERS]Demo kicked euromusic
[2012-02-05-01-53] [USERS]Demo ban jojosippe
[2012-02-05-04-37] [USERS]Demo set jojosippe to Creative
[2012-02-05-04-41] [USERS]Demo set jojosippe to Creative
[2012-02-05-33-31] [USERS]Demo healed jojosippe
[2012-02-05-36-49] [DASHBOARD] Demo said "wqdwhiy<zjhummmmmmmmmmmmmmmmmmmmmmmmmmmmmmmmmmmx " 
[2012-02-05-54-17] [USERS]Demo killed Antariano
[2012-02-05-54-29] [USERS]Demo kicked Antariano
[2012-02-05-54-44] [USERS]Demo ban Antariano
[2012-02-05-54-47] [USERS]Demo ban euromusic
[2012-02-05-54-48] [USERS]Demo ban jojosippe
[2012-02-05-54-48] [USERS]Demo killed jojosippe
[2012-02-05-54-48] [USERS]Demo kicked euromusic
[2012-02-05-54-48] [USERS]Demo killed Antariano
[2012-02-05-54-48] [USERS]Demo killed euromusic
[2012-02-05-55-09] [USERS]Demo ban Antariano
[2012-02-05-55-41] [WORLDS]Demo changed difficulty to hard in Creative
[2012-02-05-56-03] [WORLDS]Demo unloaded Creative
[2012-02-05-56-03] [WORLDS]Demo loaded Survival
[2012-02-05-05-57] [GLOBAL]Demo restarted the server
[2012-02-05-08-33] [USERS]Demo healed euromusic
[2012-02-05-58-47] [GLOBAL]Demo executed the command "t"
[2012-02-05-58-58] [GLOBAL]Demo executed the command "o"
[2012-02-05-00-38] [GLOBAL]Demo reloaded the server
[2012-02-06-58-20] [USERS]Demo healed jojosippe
[2012-02-06-58-26] [USERS]Demo healed jojosippe
[2012-02-06-58-56] [DASHBOARD] Demo said "having fun?" 
[2012-02-06-35-23] [USERS]Demo set euromusic to Creative
[2012-02-06-35-30] [USERS]Demo opped NeatMonster
[2012-02-06-35-35] [USERS]Demo killed NeatMonster
[2012-02-06-35-38] [USERS]Demo kicked NeatMonster
[2012-02-06-52-27] [GLOBAL]Demo stopped the server
[2012-02-07-57-33] [WORLDS]Demo unloaded Creative
[2012-02-07-57-56] [WORLDS]Demo unloaded Nether
[2012-02-07-57-56] [WORLDS]Demo loaded Survival
[2012-02-08-32-47] [USERS]Demo ban euromusic
[2012-02-09-44-24] [USERS]Demo set euromusic to Creative
[2012-02-09-44-25] [USERS]Demo set jojosippe to Creative
[2012-02-09-44-31] [USERS]Demo set Antariano to Survival
[2012-02-09-44-34] [USERS]Demo set Antariano to Survival
[2012-02-09-44-35] [USERS]Demo set Antariano to Survival
[2012-02-09-44-36] [USERS]Demo set Antariano to Survival
[2012-02-09-37-17] [GLOBAL]Demo stopped the server
[2012-02-09-57-41] [USERS]Demo fed euromusic
[2012-02-09-57-44] [USERS]Demo killed euromusic
[2012-02-09-58-07] [WORLDS]Demo loaded Survival
[2012-02-09-58-21] [GLOBAL]Demo stopped the server
[2012-02-09-30-35] [WORLDS]Demo ran Chunkster on Creative
[2012-02-09-34-04] [GLOBAL]Demo restarted the server
[2012-02-09-52-34] [USERS]Demo healed jojosippe
[2012-02-09-52-52] [USERS]Demo healed jojosippe
[2012-02-09-52-53] [USERS]Demo healed jojosippe
[2012-02-09-59-57] [GLOBAL]Demo reloaded the server
[2012-02-09-01-49] [WORLDS]Demo ran Chunkster on Survival
[2012-02-10-21-26] [USERS]Demo set Antariano to Survival
[2012-02-10-21-54] [GLOBAL]Demo stopped the server
[2012-02-10-23-10] [USERS]Demo deopped jojosippe
[2012-02-10-23-12] [USERS]Demo deopped euromusic
[2012-02-10-23-14] [USERS]Demo opped Antariano
[2012-02-10-23-18] [USERS]Demo healed jojosippe
[2012-02-10-24-24] [GLOBAL]Demo reloaded the server
[2012-02-10-31-15] [USERS]Demo opped Antariano
[2012-02-11-02-34] [USERS]Demo set euromusic to Creative
[2012-02-11-02-44] [USERS]Demo deopped euromusic
[2012-02-11-02-48] [USERS]Demo deopped euromusic
[2012-02-11-03-15] [USERS]Demo kicked euromusic
[2012-02-11-03-17] [USERS]Demo kicked jojosippe
[2012-02-11-03-25] [USERS]Demo killed Antariano
[2012-02-11-48-35] [DASHBOARD] Demo said "ohai" 
[2012-02-11-50-54] [WORLDS]Demo loaded Survival
[2012-02-12-55-06] [USERS]Demo set euromusic to Creative
[2012-02-12-12-57] [DASHBOARD] Demo said "bicz" 
[2012-02-12-12-57] [DASHBOARD] Demo said "" 
[2012-02-12-30-35] [USERS]Demo healed euromusic
[2012-02-12-30-51] [USERS]Demo healed jojosippe
[2012-02-13-01-57] [GLOBAL]Demo stopped the server
[2012-02-13-19-17] [USERS]Demo set euromusic to Creative
[2012-02-14-06-44] [USERS]Demo set euromusic to Creative
[2012-02-14-06-50] [USERS]Demo set Antariano to Survival
[2012-02-14-06-54] [USERS]Demo opped Antariano
[2012-02-14-06-59] [USERS]Demo killed Antariano
[2012-02-14-07-01] [USERS]Demo kicked Antariano
[2012-02-14-07-23] [USERS]Demo ban Antariano
[2012-02-14-07-34] [USERS]Demo unbanned 
[2012-02-14-09-46] [WORLDS]Demo unloaded Nether
[2012-02-14-11-06] [WORLDS]Demo ran Chunkster on Creative
[2012-02-14-12-31] [GLOBAL]Demo restarted the server
[2012-02-14-04-23] [WORLDS]Demo ran Chunkster on Creative
[2012-02-14-04-39] [WORLDS]Demo changed difficulty to hard in Creative
[2012-02-14-51-51] [USERS]Demo set Antariano to Survival
[2012-02-14-51-54] [USERS]Demo fed jojosippe
[2012-02-16-06-39] [USERS]Demo set jojosippe to Creative
[2012-02-16-06-46] [USERS]Demo deopped euromusic
[2012-02-16-06-48] [USERS]Demo deopped jojosippe
[2012-02-16-06-59] [USERS]Demo killed euromusic
[2012-02-16-07-08] [USERS]Demo kicked jojosippe
[2012-02-16-07-12] [USERS]Demo opped Antariano
[2012-02-16-07-13] [USERS]Demo opped NeatMonster
[2012-02-16-09-12] [GLOBAL]Demo restarted the server
[2012-02-16-59-06] [USERS]Demo set NeatMonster to Creative
[2012-02-17-00-14] [GLOBAL]Demo executed the command "s"
[2012-02-17-00-16] [GLOBAL]Demo executed the command "s"
[2012-02-17-00-21] [GLOBAL]Demo executed the command "s"
[2012-02-17-31-41] [GLOBAL]Demo stopped the server
[2012-02-17-32-18] [DASHBOARD] Demo said "test" 
[2012-02-17-32-28] [GLOBAL]Demo restarted the server
[2012-02-17-20-27] [GLOBAL]Demo executed the command "b"
[2012-02-17-20-29] [GLOBAL]Demo executed the command "b"
[2012-02-18-12-01] [WORLDS]Demo changed difficulty to hard in Creative
[2012-02-18-58-38] [USERS]Demo killed euromusic
[2012-02-19-03-51] [GLOBAL]Demo executed the command "a"
[2012-02-19-03-53] [GLOBAL]Demo executed the command "a"
[2012-02-19-54-26] [USERS]Demo deopped euromusic
[2012-02-20-58-07] [USERS]Demo set euromusic to Creative
[2012-02-20-58-24] [USERS]Demo deopped euromusic
[2012-02-20-48-45] [GLOBAL]Demo stopped the server
[2012-02-20-48-50] [GLOBAL]Demo stopped the server
[2012-02-20-12-58] [DASHBOARD] Demo said "test :D" 
[2012-02-20-14-01] [GLOBAL]Demo executed the command "r"
[2012-02-20-14-14] [GLOBAL]Demo reloaded the server
[2012-02-20-04-25] [WORLDS]Demo unloaded Creative
[2012-02-20-58-39] [DASHBOARD] Demo said "get tha fuck out" 
[2012-02-20-58-47] [DASHBOARD] Demo said "" 
[2012-02-20-58-48] [DASHBOARD] Demo said "asd" 
[2012-02-20-59-00] [USERS]Demo set euromusic to Creative
[2012-02-20-59-02] [USERS]Demo set euromusic to Creative
[2012-02-21-02-09] [USERS]Demo set euromusic to Creative
[2012-02-21-02-24] [GLOBAL]Demo reloaded the server
[2012-02-21-05-50] [GLOBAL]Demo executed the command "l"
[2012-02-21-05-52] [GLOBAL]Demo executed the command "l"
[2012-02-21-06-03] [GLOBAL]Demo executed the command "s"
[2012-02-21-11-01] [USERS]Demo set Antariano to Survival
[2012-02-21-11-12] [USERS]Demo set Antariano to Survival
[2012-02-21-11-16] [USERS]Demo healed jojosippe
[2012-02-21-11-20] [USERS]Demo fed Antariano
[2012-02-21-11-22] [USERS]Demo killed jojosippe
[2012-02-21-11-23] [USERS]Demo killed Antariano
[2012-02-21-11-25] [USERS]Demo ban Antariano
[2012-02-21-11-40] [GLOBAL]Demo reloaded the server
[2012-02-21-12-32] [WORLDS]Demo changed difficulty to hard in Creative
[2012-02-21-12-35] [WORLDS]Demo unloaded Creative
[2012-02-21-12-41] [WORLDS]Demo loaded Survival
[2012-02-21-13-25] [WORLDS]Demo ran Chunkster on Survival
[2012-02-21-20-32] [USERS]Demo set euromusic to Creative
[2012-02-21-21-24] [USERS]Demo removed  from whitelist
[2012-02-21-21-57] [WORLDS]Demo ran Chunkster on Hub
[2012-02-22-08-59] [USERS]Demo set NeatMonster to Creative
[2012-02-22-09-01] [USERS]Demo set Antariano to Survival
[2012-02-22-09-03] [USERS]Demo set jojosippe to Creative
[2012-02-22-09-04] [USERS]Demo set euromusic to Creative
[2012-02-22-10-37] [USERS]Demo healed jojosippe
[2012-02-22-10-39] [USERS]Demo healed jojosippe
[2012-02-22-10-48] [USERS]Demo kicked jojosippe
[2012-02-22-10-55] [USERS]Demo deopped euromusic
[2012-02-22-10-56] [USERS]Demo deopped jojosippe
[2012-02-22-10-57] [USERS]Demo opped Antariano
[2012-02-22-10-57] [USERS]Demo opped NeatMonster
[2012-02-22-49-06] [WORLDS]Demo created 
[2012-02-22-49-42] [WORLDS]Demo changed difficulty to normal in Admin
[2012-02-22-49-52] [WORLDS]Demo loaded Survival
[2012-02-23-50-56] [DASHBOARD] Demo said "tets" 
[2012-02-23-51-09] [USERS]Demo deopped jojosippe
[2012-02-23-01-19] [USERS]Demo deopped euromusic
[2012-02-23-04-18] [GLOBAL]Demo restarted the server
[2012-02-23-14-17] [USERS]Demo deopped jojosippe
[2012-02-23-14-32] [USERS]Demo deopped jojosippe
[2012-02-23-14-33] [USERS]Demo deopped euromusic
[2012-02-23-00-29] [USERS]Demo healed euromusic
[2012-02-23-00-35] [USERS]Demo ban euromusic
[2012-02-23-00-37] [USERS]Demo kicked euromusic
[2012-02-23-06-43] [GLOBAL]Demo reloaded the server
[2012-02-23-14-13] [GLOBAL]Demo restarted the server
[2012-02-23-37-44] [USERS]Demo healed jojosippe
[2012-02-23-37-50] [USERS]Demo deopped jojosippe
[2012-02-23-37-51] [USERS]Demo deopped euromusic
[2012-02-23-38-01] [USERS]Demo set euromusic to Creative
[2012-02-23-38-39] [USERS]Demo killed euromusic
[2012-02-23-38-39] [USERS]Demo kicked euromusic
[2012-02-23-38-42] [USERS]Demo ban euromusic
[2012-02-24-01-41] [USERS]Demo killed NeatMonster
[2012-02-25-05-02] [USERS]Demo healed jojosippe
[2012-02-25-05-09] [USERS]Demo set NeatMonster to Creative
[2012-02-25-05-33] [USERS]Demo banned 
[2012-02-25-05-35] [USERS]Demo banned 
[2012-02-25-14-49] [USERS]Demo healed jojosippe
[2012-02-25-13-52] [WORLDS]Demo loaded Survival
[2012-02-25-14-06] [GLOBAL]Demo stopped the server
[2012-02-25-39-54] [WORLDS]Demo changed difficulty to hard in Hub
[2012-02-25-39-57] [WORLDS]Demo unloaded Nether
[2012-02-25-40-02] [WORLDS]Demo unloaded Admin
[2012-02-25-40-40] [WORLDS]Demo ran Chunkster on Survival
[2012-02-26-06-42] [GLOBAL]Demo stopped the server
[2012-02-26-06-42] [GLOBAL]Demo reloaded the server
[2012-02-26-23-46] [USERS]Demo set NeatMonster to Creative
[2012-02-26-23-47] [USERS]Demo set jojosippe to Creative
[2012-02-26-23-48] [USERS]Demo set euromusic to Creative
[2012-02-26-24-27] [WORLDS]Demo loaded Survival
[2012-02-26-24-50] [GLOBAL]Demo executed the command "s"
[2012-02-26-24-51] [GLOBAL]Demo executed the command "s"
[2012-02-26-27-57] [GLOBAL]Demo executed the command "h"
[2012-02-26-27-59] [GLOBAL]Demo executed the command "h"
[2012-02-26-28-12] [USERS]Demo set euromusic to Creative
[2012-02-26-28-22] [USERS]Demo killed euromusic
[2012-02-26-29-09] [WORLDS]Demo changed difficulty to hard in Creative
[2012-02-26-29-13] [WORLDS]Demo loaded Survival
[2012-02-27-54-47] [USERS]Demo added  to whitelist
[2012-02-27-56-59] [DASHBOARD] Demo said "hel" 
[2012-02-27-43-50] [GLOBAL]Demo executed the command "a"
[2012-02-27-43-52] [GLOBAL]Demo executed the command "a"
[2012-02-27-43-58] [GLOBAL]Demo executed the command "a"
[2012-02-27-45-36] [USERS]Demo unbanned 
[2012-02-27-38-22] [DASHBOARD] Demo said "m" 
[2012-02-27-39-28] [USERS]Demo deopped euromusic
[2012-02-27-39-37] [USERS]Demo opped Antariano
[2012-02-27-39-40] [USERS]Demo opped Antariano
[2012-02-27-54-32] [GLOBAL]Demo executed the command "b"
[2012-02-27-54-47] [GLOBAL]Demo executed the command "b"
[2012-02-27-55-22] [GLOBAL]Demo stopped the server
[2012-02-27-56-05] [GLOBAL]Demo reloaded the server
[2012-02-28-32-53] [USERS]Demo opped Antariano
[2012-02-28-32-59] [USERS]Demo opped NeatMonster
[2012-02-28-33-05] [USERS]Demo deopped jojosippe
[2012-02-28-33-09] [USERS]Demo fed Antariano
[2012-02-28-33-11] [USERS]Demo killed Antariano
[2012-02-28-34-25] [WORLDS]Demo ran Chunkster on Survival
[2012-02-28-38-30] [GLOBAL]Demo reloaded the server
[2012-02-28-42-44] [USERS]Demo set euromusic to Creative
[2012-02-28-43-01] [USERS]Demo added  to whitelist
[2012-02-28-43-23] [GLOBAL]Demo executed the command "t"
[2012-02-28-14-15] [USERS]Demo removed  from whitelist
[2012-02-28-14-17] [USERS]Demo removed  from whitelist
[2012-02-28-14-18] [USERS]Demo removed  from whitelist
[2012-02-28-14-19] [USERS]Demo removed  from whitelist
[2012-02-28-14-56] [USERS]Demo added  to whitelist
[2012-02-28-16-23] [GLOBAL]Demo restarted the server
[2012-02-28-16-42] [GLOBAL]Demo executed the command "w"
[2012-02-28-16-43] [GLOBAL]Demo executed the command "w"
[2012-02-28-16-53] [GLOBAL]Demo executed the command "w"
[2012-02-28-16-53] [GLOBAL]Demo executed the command "w"
[2012-02-28-16-56] [GLOBAL]Demo executed the command "w"
[2012-02-28-16-57] [GLOBAL]Demo executed the command "w"
[2012-02-28-16-57] [GLOBAL]Demo executed the command "w"
[2012-02-28-16-57] [GLOBAL]Demo executed the command "w"
[2012-02-28-16-57] [GLOBAL]Demo executed the command "w"
[2012-02-28-09-21] [DASHBOARD] Demo said "kick euromusic" 
[2012-02-28-09-28] [DASHBOARD] Demo said "/kick euromusic" 
[2012-02-28-09-46] [USERS]Demo kicked euromusic
[2012-02-28-09-49] [USERS]Demo kicked jojosippe
[2012-02-28-09-51] [USERS]Demo kicked Antariano
[2012-02-28-10-34] [WORLDS]Demo loaded Survival
[2012-02-28-11-05] [USERS]Demo added  to whitelist
[2012-02-28-38-24] [GLOBAL]Demo stopped the server
[2012-02-28-39-10] [USERS]Demo deopped jojosippe
[2012-02-28-39-28] [USERS]Demo healed jojosippe
[2012-02-28-39-52] [USERS]Demo unbanned 
[2012-02-28-40-18] [GLOBAL]Demo executed the command "d"
[2012-02-28-40-19] [GLOBAL]Demo executed the command "d"
[2012-02-29-47-56] [USERS]Demo deopped jojosippe
[2012-02-29-51-29] [WORLDS]Demo changed difficulty to easy in Hub
[2012-02-29-51-36] [WORLDS]Demo changed difficulty to normal in Hub
[2012-02-29-57-51] [GLOBAL]Demo stopped the server
[2012-02-29-58-08] [GLOBAL]Demo reloaded the server
[2012-02-29-44-36] [USERS]Demo killed NeatMonster
[2012-02-29-45-48] [USERS]Demo set Antariano to Survival
[2012-02-29-48-47] [USERS]Demo killed euromusic
[2012-02-29-48-57] [USERS]Demo killed euromusic
[2012-02-29-53-23] [GLOBAL]Demo restarted the server
[2012-02-29-53-26] [GLOBAL]Demo reloaded the server
[2012-02-29-04-38] [USERS]Demo ban euromusic
[2012-02-29-51-50] [USERS]Demo set euromusic to Creative
[2012-02-29-52-01] [USERS]Demo ban jojosippe
[2012-02-29-52-54] [USERS]Demo deopped euromusic
[2012-02-29-52-56] [USERS]Demo opped Antariano
[2012-03-01-01-10] [USERS]Demo set euromusic to Creative
[2012-03-01-01-20] [USERS]Demo healed Antariano
[2012-03-01-01-29] [USERS]Demo set euromusic to Creative
[2012-03-01-01-39] [USERS]Demo set NeatMonster to Creative
[2012-03-01-01-48] [USERS]Demo healed NeatMonster
[2012-03-01-01-57] [USERS]Demo healed NeatMonster
[2012-03-01-02-07] [USERS]Demo set euromusic to Creative
[2012-03-01-04-22] [USERS]Demo set euromusic to Creative
[2012-03-01-17-19] [USERS]Demo healed euromusic
[2012-03-01-17-33] [USERS]Demo healed euromusic
[2012-03-01-47-22] [GLOBAL]Demo executed the command "s"
[2012-03-01-47-25] [GLOBAL]Demo executed the command "s"
[2012-03-01-09-57] [DASHBOARD] Demo said "jj" 
[2012-03-01-11-39] [GLOBAL]Demo reloaded the server
[2012-03-01-15-34] [WORLDS]Demo changed difficulty to hard in Creative
[2012-03-01-15-40] [WORLDS]Demo loaded Survival
[2012-03-01-14-31] [DASHBOARD] Demo said "Erm guys" 
[2012-03-01-14-57] [DASHBOARD] Demo said "Is this actually in a state to use on a public server" 
[2012-03-01-15-19] [USERS]Demo set NeatMonster to Creative
[2012-03-01-15-34] [USERS]Demo opped Antariano
[2012-03-01-15-39] [USERS]Demo deopped jojosippe
[2012-03-01-17-43] [WORLDS]Demo ran Chunkster on Survival
[2012-03-02-17-16] [GLOBAL]Demo restarted the server
[2012-03-02-17-35] [DASHBOARD] Demo said "hi" 
[2012-03-02-17-48] [USERS]Demo set Antariano to Survival
[2012-03-02-17-52] [USERS]Demo set jojosippe to Creative
[2012-03-02-06-56] [USERS]Demo fed euromusic
[2012-03-02-06-59] [USERS]Demo healed euromusic
[2012-03-02-07-59] [WORLDS]Demo ran MapAutoTrim on Creative
[2012-03-02-12-28] [DASHBOARD] Demo said "test" 
[2012-03-02-12-31] [DASHBOARD] Demo said "test" 
[2012-03-02-12-52] [USERS]Demo banned 
[2012-03-02-34-41] [USERS]Demo deopped euromusic
[2012-03-02-34-45] [USERS]Demo kicked euromusic
[2012-03-02-34-46] [USERS]Demo killed euromusic
[2012-03-02-34-47] [USERS]Demo killed NeatMonster
[2012-03-03-15-06] [USERS]Demo kicked euromusic
[2012-03-03-15-08] [USERS]Demo kicked euromusic
[2012-03-03-15-13] [USERS]Demo ban euromusic
[2012-03-03-16-00] [WORLDS]Demo changed difficulty to hard in Creative
[2012-03-03-16-04] [WORLDS]Demo unloaded Creative
[2012-03-03-16-06] [WORLDS]Demo unloaded Creative
[2012-03-03-16-07] [WORLDS]Demo unloaded Creative
[2012-03-03-16-28] [GLOBAL]Demo executed the command "p"
[2012-03-03-16-30] [GLOBAL]Demo executed the command "p"
[2012-03-03-16-32] [GLOBAL]Demo executed the command "p"
[2012-03-03-16-32] [GLOBAL]Demo executed the command "p"
[2012-03-03-16-32] [GLOBAL]Demo executed the command "p"
[2012-03-03-16-33] [GLOBAL]Demo executed the command "p"
[2012-03-03-16-33] [GLOBAL]Demo executed the command "p"
[2012-03-03-16-33] [GLOBAL]Demo executed the command "p"
[2012-03-03-16-33] [GLOBAL]Demo executed the command "p"
[2012-03-03-16-33] [GLOBAL]Demo executed the command "p"
[2012-03-03-16-33] [GLOBAL]Demo executed the command "p"
[2012-03-03-16-34] [GLOBAL]Demo executed the command "p"
[2012-03-03-16-34] [GLOBAL]Demo executed the command "p"
[2012-03-03-04-19] [USERS]Demo deopped jojosippe
[2012-03-03-04-22] [USERS]Demo deopped euromusic
[2012-03-03-04-33] [USERS]Demo kicked euromusic
[2012-03-03-59-41] [USERS]Demo opped Antariano
[2012-03-03-59-45] [USERS]Demo opped NeatMonster
[2012-03-03-59-46] [USERS]Demo set NeatMonster to Creative
[2012-03-03-59-48] [USERS]Demo set euromusic to Creative
[2012-03-03-22-35] [WORLDS]Demo loaded Survival
[2012-03-03-23-30] [USERS]Demo set Antariano to Survival
[2012-03-03-23-39] [USERS]Demo opped Antariano
[2012-03-03-23-42] [USERS]Demo opped NeatMonster
[2012-03-03-23-45] [USERS]Demo set NeatMonster to Creative
[2012-03-03-23-48] [USERS]Demo set NeatMonster to Creative
[2012-03-03-23-53] [USERS]Demo set Antariano to Survival
[2012-03-03-24-21] [GLOBAL]Demo stopped the server
[2012-03-03-25-12] [GLOBAL]Demo restarted the server
[2012-03-03-49-11] [USERS]Demo deopped euromusic
[2012-03-03-49-13] [USERS]Demo deopped jojosippe
[2012-03-03-49-14] [USERS]Demo opped Antariano
[2012-03-03-49-15] [USERS]Demo opped NeatMonster
[2012-03-03-49-18] [USERS]Demo killed euromusic
[2012-03-03-49-19] [USERS]Demo killed jojosippe
[2012-03-03-49-20] [USERS]Demo killed Antariano
[2012-03-03-56-44] [USERS]Demo deopped jojosippe
[2012-03-03-56-48] [USERS]Demo healed jojosippe
[2012-03-03-56-54] [USERS]Demo fed jojosippe
[2012-03-03-57-55] [USERS]Demo killed jojosippe
[2012-03-03-57-58] [USERS]Demo kicked jojosippe
[2012-03-03-58-01] [USERS]Demo ban jojosippe
[2012-03-03-58-22] [WORLDS]Demo changed difficulty to hard in Creative
[2012-03-03-58-33] [WORLDS]Demo unloaded Admin
[2012-03-04-56-23] [GLOBAL]Demo reloaded the server
[2012-03-04-07-07] [USERS]Demo deopped euromusic
[2012-03-05-43-57] [WORLDS]Demo loaded Survival
[2012-03-05-44-07] [WORLDS]Demo unloaded Admin
[2012-03-05-44-10] [WORLDS]Demo unloaded Nether
[2012-03-05-44-12] [WORLDS]Demo unloaded Creative
[2012-03-06-12-27] [GLOBAL]Demo stopped the server
[2012-03-06-12-32] [GLOBAL]Demo stopped the server
[2012-03-06-02-13] [USERS]Demo set euromusic to Creative
[2012-03-06-02-17] [USERS]Demo set jojosippe to Creative
[2012-03-06-02-18] [USERS]Demo set NeatMonster to Creative
[2012-03-06-03-16] [GLOBAL]Demo stopped the server